Using pre-set license
Built from '2020.3/staging' branch; Version is '2020.3.3f1 (76626098c1c4) revision 7758432'; Using compiler version '192528614'; Build Type 'Release'
OS: 'Windows 10 Home; OS build 19041.928; Version 2004; 64bit' Language: 'en' Physical Memory: 32682 MB
BatchMode: 1, IsHumanControllingUs: 0, StartBugReporterOnCrash: 0, Is64bit: 1, IsPro: 0

 COMMAND LINE ARGUMENTS:
C:\Program Files\Unity\2020.3.3f1\Editor\Unity.exe
-adb2
-batchMode
-noUpm
-name
AssetImportWorker0
-projectPath
C:/Users/Extreme PC/Documents/My gaming projects/FPS starter/Lab 2
-logFile
Logs/AssetImportWorker0.log
-srvPort
51332
Successfully changed project path to: C:/Users/Extreme PC/Documents/My gaming projects/FPS starter/Lab 2
C:/Users/Extreme PC/Documents/My gaming projects/FPS starter/Lab 2
Using Asset Import Pipeline V2.
Refreshing native plugins compatible for Editor in 32.13 ms, found 1 plugins.
Preloading 0 native plugins for Editor in 0.00 ms.
Initialize engine version: 2020.3.3f1 (76626098c1c4)
[Subsystems] Discovering subsystems at path C:/Program Files/Unity/2020.3.3f1/Editor/Data/Resources/UnitySubsystems
[Subsystems] Discovering subsystems at path C:/Users/Extreme PC/Documents/My gaming projects/FPS starter/Lab 2/Assets
GfxDevice: creating device client; threaded=0
Direct3D:
    Version:  Direct3D 11.0 [level 11.1]
    Renderer: NVIDIA GeForce RTX 2070 SUPER (ID=0x1e84)
    Vendor:   
    VRAM:     8011 MB
    Driver:   27.21.14.6589
Initialize mono
Mono path[0] = 'C:/Program Files/Unity/2020.3.3f1/Editor/Data/Managed'
Mono path[1] = 'C:/Program Files/Unity/2020.3.3f1/Editor/Data/MonoBleedingEdge/lib/mono/unityjit'
Mono config path = 'C:/Program Files/Unity/2020.3.3f1/Editor/Data/MonoBleedingEdge/etc'
Using monoOptions --debugger-agent=transport=dt_socket,embedding=1,server=y,suspend=n,address=127.0.0.1:56328
Begin MonoManager ReloadAssembly
Registering precompiled unity dll's ...
Register platform support module: C:/Program Files/Unity/2020.3.3f1/Editor/Data/PlaybackEngines/WebGLSupport/UnityEditor.WebGL.Extensions.dll
Register platform support module: C:/Program Files/Unity/2020.3.3f1/Editor/Data/PlaybackEngines/WindowsStandaloneSupport/UnityEditor.WindowsStandalone.Extensions.dll
Registered in 0.002650 seconds.
Native extension for WindowsStandalone target not found
Native extension for WebGL target not found
Refreshing native plugins compatible for Editor in 34.48 ms, found 1 plugins.
Preloading 0 native plugins for Editor in 0.00 ms.
Invoked RoslynAnalysisRunner static constructor.
RoslynAnalysisRunner will not be running.
RoslynAnalysisRunner has terminated.
Mono: successfully reloaded assembly
- Completed reload, in  1.563 seconds
Platform modules already initialized, skipping
Registering precompiled user dll's ...
Registered in 0.000817 seconds.
Begin MonoManager ReloadAssembly
Native extension for WindowsStandalone target not found
Native extension for WebGL target not found
Refreshing native plugins compatible for Editor in 34.27 ms, found 1 plugins.
Preloading 0 native plugins for Editor in 0.00 ms.
Invoked RoslynAnalysisRunner static constructor.
RoslynAnalysisRunner will not be running.
RoslynAnalysisRunner has terminated.
Mono: successfully reloaded assembly
- Completed reload, in  0.787 seconds
Platform modules already initialized, skipping
========================================================================
Worker process is ready to serve import requests
Launched and connected shader compiler UnityShaderCompiler.exe after 0.03 seconds
Refreshing native plugins compatible for Editor in 0.40 ms, found 1 plugins.
Preloading 0 native plugins for Editor in 0.00 ms.
Unloading 1808 Unused Serialized files (Serialized files now loaded: 0)
System memory in use before: 84.9 MB.
System memory in use after: 84.8 MB.

Unloading 24 unused Assets to reduce memory usage. Loaded Objects now: 2250.
Total: 2.079600 ms (FindLiveObjects: 0.254100 ms CreateObjectMapping: 0.087600 ms MarkObjects: 1.618200 ms  DeleteObjects: 0.118500 ms)

========================================================================
Received Import Request.
  path: Assets/Sprites/Sprite_Enemies.psd
  artifactKey: Guid(a658a716ef7a62e46b3ea48ca09e7e0d) Importer(815301076,1909f56bfc062723c751e8b465ee728b)
Start importing Assets/Sprites/Sprite_Enemies.psd using Guid(a658a716ef7a62e46b3ea48ca09e7e0d) Importer(815301076,1909f56bfc062723c751e8b465ee728b)  -> (artifact id: 'a6fe937b781b99f138a0c958d1a4236c') in 0.087335 seconds
  Import took 0.090260 seconds .

========================================================================
Received Import Request.
  Time since last request: 0.000165 seconds.
  path: Assets/Sprites/Sprite_Enemies.png
  artifactKey: Guid(9e8162a25377a4047b186e42c7a5c675) Importer(815301076,1909f56bfc062723c751e8b465ee728b)
Start importing Assets/Sprites/Sprite_Enemies.png using Guid(9e8162a25377a4047b186e42c7a5c675) Importer(815301076,1909f56bfc062723c751e8b465ee728b)  -> (artifact id: '349552a498e9f254532ebd6c1b9246a1') in 0.038180 seconds
  Import took 0.040649 seconds .

========================================================================
Received Import Request.
  Time since last request: 0.000195 seconds.
  path: Assets/Sprites/Sprite_Mario.png
  artifactKey: Guid(3f0189df97a934444b8cbbbc04bb88f7) Importer(815301076,1909f56bfc062723c751e8b465ee728b)
Start importing Assets/Sprites/Sprite_Mario.png using Guid(3f0189df97a934444b8cbbbc04bb88f7) Importer(815301076,1909f56bfc062723c751e8b465ee728b)  -> (artifact id: '8ab9cc7ed757bc6d211c648b57d45d5e') in 0.012462 seconds
  Import took 0.015072 seconds .

========================================================================
Received Import Request.
  Time since last request: 0.000164 seconds.
  path: Assets/Sprites/Sprite_Mario_Split.psd
  artifactKey: Guid(d4dab67a5af4a9f42a96abe80b951a84) Importer(815301076,1909f56bfc062723c751e8b465ee728b)
Start importing Assets/Sprites/Sprite_Mario_Split.psd using Guid(d4dab67a5af4a9f42a96abe80b951a84) Importer(815301076,1909f56bfc062723c751e8b465ee728b)  -> (artifact id: 'a219229f17b32108b02308f236a15e53') in 0.011399 seconds
  Import took 0.013986 seconds .

========================================================================
Received Import Request.
  Time since last request: 0.000207 seconds.
  path: Assets/Sprites/Sprite_Mario.png
  artifactKey: Guid(3f0189df97a934444b8cbbbc04bb88f7) Importer(815301076,1909f56bfc062723c751e8b465ee728b)
Start importing Assets/Sprites/Sprite_Mario.png using Guid(3f0189df97a934444b8cbbbc04bb88f7) Importer(815301076,1909f56bfc062723c751e8b465ee728b)  -> (artifact id: '8ab9cc7ed757bc6d211c648b57d45d5e') in 0.010246 seconds
  Import took 0.013401 seconds .

========================================================================
Received Import Request.
  Time since last request: 5.412712 seconds.
  path: Assets/Levels/Background Elements.gif
  artifactKey: Guid(6398a5b3f7ffe754bba623d8480cd35b) Importer(815301076,1909f56bfc062723c751e8b465ee728b)
Start importing Assets/Levels/Background Elements.gif using Guid(6398a5b3f7ffe754bba623d8480cd35b) Importer(815301076,1909f56bfc062723c751e8b465ee728b)  -> (artifact id: '210c4e973c65e484b7ab8badb3cfc8b1') in 0.016951 seconds
  Import took 0.019945 seconds .

========================================================================
Received Import Request.
  Time since last request: 0.000197 seconds.
  path: Assets/Levels/SuperMarioWorld-DonutPlains-DonutPlains1.png
  artifactKey: Guid(c1051a8ed99abdf478f9c8d86d895ebb) Importer(815301076,1909f56bfc062723c751e8b465ee728b)
Start importing Assets/Levels/SuperMarioWorld-DonutPlains-DonutPlains1.png using Guid(c1051a8ed99abdf478f9c8d86d895ebb) Importer(815301076,1909f56bfc062723c751e8b465ee728b)  -> (artifact id: 'f6e276ac220a0c7968f1ab6cf1e6a17b') in 0.012122 seconds
  Import took 0.015374 seconds .

========================================================================
Received Import Request.
  Time since last request: 0.000203 seconds.
  path: Assets/Levels/SuperMarioWorld-ValleyOfBowser-ValleyOfBowser1.png
  artifactKey: Guid(44c7ff576890a0d4baceaff124775b28) Importer(815301076,1909f56bfc062723c751e8b465ee728b)
Start importing Assets/Levels/SuperMarioWorld-ValleyOfBowser-ValleyOfBowser1.png using Guid(44c7ff576890a0d4baceaff124775b28) Importer(815301076,1909f56bfc062723c751e8b465ee728b)  -> (artifact id: '52711d017d8b15e01bedc1cf68250138') in 0.010922 seconds
  Import took 0.013802 seconds .

========================================================================
Received Import Request.
  Time since last request: 0.000150 seconds.
  path: Assets/Levels/DonutPlains1_DONE.png
  artifactKey: Guid(dcda1f72d099fe54487dae479b338b2f) Importer(815301076,1909f56bfc062723c751e8b465ee728b)
Start importing Assets/Levels/DonutPlains1_DONE.png using Guid(dcda1f72d099fe54487dae479b338b2f) Importer(815301076,1909f56bfc062723c751e8b465ee728b)  -> (artifact id: '7cacbb931cd293e4ab2431eb33acaff6') in 0.013213 seconds
  Import took 0.015683 seconds .

========================================================================
Received Import Request.
  Time since last request: 0.000204 seconds.
  path: Assets/Levels/SuperMarioWorld-ForestOfIllusion-ForestOfIllusion4.png
  artifactKey: Guid(ca15fe6fb53650142843857ec6fdc682) Importer(815301076,1909f56bfc062723c751e8b465ee728b)
Start importing Assets/Levels/SuperMarioWorld-ForestOfIllusion-ForestOfIllusion4.png using Guid(ca15fe6fb53650142843857ec6fdc682) Importer(815301076,1909f56bfc062723c751e8b465ee728b)  -> (artifact id: 'a93cc9e4c0e6e10dc5fe2cd5111f94c9') in 0.015050 seconds
  Import took 0.018254 seconds .

========================================================================
Received Import Request.
  Time since last request: 0.000312 seconds.
  path: Assets/Levels/DonutPlains1_DONE.png
  artifactKey: Guid(dcda1f72d099fe54487dae479b338b2f) Importer(815301076,1909f56bfc062723c751e8b465ee728b)
Start importing Assets/Levels/DonutPlains1_DONE.png using Guid(dcda1f72d099fe54487dae479b338b2f) Importer(815301076,1909f56bfc062723c751e8b465ee728b)  -> (artifact id: '7cacbb931cd293e4ab2431eb33acaff6') in 0.006283 seconds
  Import took 0.009182 seconds .

========================================================================
Received Import Request.
  Time since last request: 0.000181 seconds.
  path: Assets/Levels/SuperMarioWorld-ValleyOfBowser-ValleyOfBowser4.png
  artifactKey: Guid(a9aa2b71665d2584197fa03b9490e6d3) Importer(815301076,1909f56bfc062723c751e8b465ee728b)
Start importing Assets/Levels/SuperMarioWorld-ValleyOfBowser-ValleyOfBowser4.png using Guid(a9aa2b71665d2584197fa03b9490e6d3) Importer(815301076,1909f56bfc062723c751e8b465ee728b)  -> (artifact id: '6d184920a4e106dccf6c0643871d6d86') in 0.016230 seconds
  Import took 0.018873 seconds .

========================================================================
Received Import Request.
  Time since last request: 0.000180 seconds.
  path: Assets/Levels/SuperMarioWorld-VanillaDome-VanillaDome1.png
  artifactKey: Guid(8bd29ffd2a6a5c04ca09449c25f8a55f) Importer(815301076,1909f56bfc062723c751e8b465ee728b)
Start importing Assets/Levels/SuperMarioWorld-VanillaDome-VanillaDome1.png using Guid(8bd29ffd2a6a5c04ca09449c25f8a55f) Importer(815301076,1909f56bfc062723c751e8b465ee728b)  -> (artifact id: '9c450d1bacd81c0000025963e0371f52') in 0.010470 seconds
  Import took 0.013411 seconds .

========================================================================
Received Import Request.
  Time since last request: 0.000156 seconds.
  path: Assets/Levels/SuperMarioWorld-ChocolateIsland-ChocolateIsland1.png
  artifactKey: Guid(4ba9a6cd7de5f2247a3476d30967d296) Importer(815301076,1909f56bfc062723c751e8b465ee728b)
Start importing Assets/Levels/SuperMarioWorld-ChocolateIsland-ChocolateIsland1.png using Guid(4ba9a6cd7de5f2247a3476d30967d296) Importer(815301076,1909f56bfc062723c751e8b465ee728b)  -> (artifact id: '9fb507208bbd0a6f916f1055bfb928e4') in 0.012613 seconds
  Import took 0.015127 seconds .

========================================================================
Received Import Request.
  Time since last request: 0.000157 seconds.
  path: Assets/Levels/SuperMarioWorld-DonutPlains-DonutPlains4.png
  artifactKey: Guid(e931a3cf35155234095fc93e84687779) Importer(815301076,1909f56bfc062723c751e8b465ee728b)
Start importing Assets/Levels/SuperMarioWorld-DonutPlains-DonutPlains4.png using Guid(e931a3cf35155234095fc93e84687779) Importer(815301076,1909f56bfc062723c751e8b465ee728b)  -> (artifact id: '9db02be8cff3c357194c115e6957b0f4') in 0.012320 seconds
  Import took 0.014788 seconds .

========================================================================
Received Import Request.
  Time since last request: 0.000161 seconds.
  path: Assets/Levels/SuperMarioWorld-DonutPlains-DonutPlains2.png
  artifactKey: Guid(0c7acd7b1314e5e4baf008df7ff67a24) Importer(815301076,1909f56bfc062723c751e8b465ee728b)
Start importing Assets/Levels/SuperMarioWorld-DonutPlains-DonutPlains2.png using Guid(0c7acd7b1314e5e4baf008df7ff67a24) Importer(815301076,1909f56bfc062723c751e8b465ee728b)  -> (artifact id: '831bc362cef7215dfe3649fad5952e6b') in 0.020142 seconds
  Import took 0.022842 seconds .

========================================================================
Received Import Request.
  Time since last request: 0.000199 seconds.
  path: Assets/Levels/SuperMarioWorld-ForestOfIllusion-ForestOfIllusion3.png
  artifactKey: Guid(c6d7ca0cd5c20f64f9be77c8a77d505a) Importer(815301076,1909f56bfc062723c751e8b465ee728b)
Start importing Assets/Levels/SuperMarioWorld-ForestOfIllusion-ForestOfIllusion3.png using Guid(c6d7ca0cd5c20f64f9be77c8a77d505a) Importer(815301076,1909f56bfc062723c751e8b465ee728b)  -> (artifact id: 'ad1a510c68ff1e81c3be7f72c78b0eab') in 0.014992 seconds
  Import took 0.017813 seconds .

========================================================================
Received Import Request.
  Time since last request: 0.000156 seconds.
  path: Assets/Levels/SuperMarioWorld-TwinBridges-ButterBridge2.png
  artifactKey: Guid(8e9061895127a314dbcd52b3f325e843) Importer(815301076,1909f56bfc062723c751e8b465ee728b)
Start importing Assets/Levels/SuperMarioWorld-TwinBridges-ButterBridge2.png using Guid(8e9061895127a314dbcd52b3f325e843) Importer(815301076,1909f56bfc062723c751e8b465ee728b)  -> (artifact id: '5bb8fd1480d965b03a1a39918a32b6f1') in 0.015742 seconds
  Import took 0.019149 seconds .

========================================================================
Received Import Request.
  Time since last request: 0.000389 seconds.
  path: Assets/Levels/SuperMarioWorld-TwinBridges-ButterBridge2.png
  artifactKey: Guid(8e9061895127a314dbcd52b3f325e843) Importer(815301076,1909f56bfc062723c751e8b465ee728b)
Start importing Assets/Levels/SuperMarioWorld-TwinBridges-ButterBridge2.png using Guid(8e9061895127a314dbcd52b3f325e843) Importer(815301076,1909f56bfc062723c751e8b465ee728b)  -> (artifact id: '5bb8fd1480d965b03a1a39918a32b6f1') in 0.008134 seconds
  Import took 0.010678 seconds .

========================================================================
Received Import Request.
  Time since last request: 191.133060 seconds.
  path: Assets/Levels/DonutPlains1_DONE.png
  artifactKey: Guid(dcda1f72d099fe54487dae479b338b2f) Importer(815301076,1909f56bfc062723c751e8b465ee728b)
Start importing Assets/Levels/DonutPlains1_DONE.png using Guid(dcda1f72d099fe54487dae479b338b2f) Importer(815301076,1909f56bfc062723c751e8b465ee728b)  -> (artifact id: 'c6399f813a0e6cfbd4bdd062f129d244') in 0.009805 seconds
  Import took 0.013514 seconds .

========================================================================
Received Import Request.
  Time since last request: 279.559212 seconds.
  path: Assets/Sprites/Sprite_Mario_Split.psd
  artifactKey: Guid(d4dab67a5af4a9f42a96abe80b951a84) Importer(815301076,1909f56bfc062723c751e8b465ee728b)
Start importing Assets/Sprites/Sprite_Mario_Split.psd using Guid(d4dab67a5af4a9f42a96abe80b951a84) Importer(815301076,1909f56bfc062723c751e8b465ee728b)  -> (artifact id: '2c30e8c0a59e669b8f205c0feb0f4376') in 0.008003 seconds
  Import took 0.011212 seconds .

========================================================================
Received Import Request.
  Time since last request: 0.006450 seconds.
  path: Assets/Sprites/Sprite_Mario_Split.psd
  artifactKey: Guid(d4dab67a5af4a9f42a96abe80b951a84) Importer(815301076,1909f56bfc062723c751e8b465ee728b)
Start importing Assets/Sprites/Sprite_Mario_Split.psd using Guid(d4dab67a5af4a9f42a96abe80b951a84) Importer(815301076,1909f56bfc062723c751e8b465ee728b)  -> (artifact id: '2c30e8c0a59e669b8f205c0feb0f4376') in 0.005070 seconds
  Import took 0.008047 seconds .

========================================================================
Received Import Request.
  Time since last request: 273.641285 seconds.
  path: Assets/Levels/SuperMarioWorld-Yoshi'sIsland-Yoshi'sIsland1.png
  artifactKey: Guid(8869aa82439e6234f931a156bb1116c4) Importer(815301076,1909f56bfc062723c751e8b465ee728b)
Start importing Assets/Levels/SuperMarioWorld-Yoshi'sIsland-Yoshi'sIsland1.png using Guid(8869aa82439e6234f931a156bb1116c4) Importer(815301076,1909f56bfc062723c751e8b465ee728b)  -> (artifact id: '03756168f0d45355b1cdef83b9e98374') in 0.018508 seconds
  Import took 0.021721 seconds .

========================================================================
Received Import Request.
  Time since last request: 0.019214 seconds.
  path: Assets/Levels/SuperMarioWorld-Yoshi'sIsland-Yoshi'sIsland2.png
  artifactKey: Guid(449b2516a852cbe48a5467bc614a0286) Importer(815301076,1909f56bfc062723c751e8b465ee728b)
Start importing Assets/Levels/SuperMarioWorld-Yoshi'sIsland-Yoshi'sIsland2.png using Guid(449b2516a852cbe48a5467bc614a0286) Importer(815301076,1909f56bfc062723c751e8b465ee728b)  -> (artifact id: '347c9e75f5d24ebdd414bfce82a50928') in 0.020603 seconds
  Import took 0.023620 seconds .

========================================================================
Received Import Request.
  Time since last request: 0.229656 seconds.
  path: Assets/Levels/SuperMarioWorld-Yoshi'sIsland-Yoshi'sIsland4.png
  artifactKey: Guid(81d277dd578f17d4485df31e380268a0) Importer(815301076,1909f56bfc062723c751e8b465ee728b)
Start importing Assets/Levels/SuperMarioWorld-Yoshi'sIsland-Yoshi'sIsland4.png using Guid(81d277dd578f17d4485df31e380268a0) Importer(815301076,1909f56bfc062723c751e8b465ee728b)  -> (artifact id: '8c4f043f9142576dbe3e701a63ca8fca') in 0.016064 seconds
  Import took 0.018976 seconds .

========================================================================
Received Import Request.
  Time since last request: 37.036906 seconds.
  path: Assets/Levels/DonutPlains1_DONE.png
  artifactKey: Guid(dcda1f72d099fe54487dae479b338b2f) Importer(815301076,1909f56bfc062723c751e8b465ee728b)
Start importing Assets/Levels/DonutPlains1_DONE.png using Guid(dcda1f72d099fe54487dae479b338b2f) Importer(815301076,1909f56bfc062723c751e8b465ee728b)  -> (artifact id: '76d09584a86da9e54c1393cd42d4462c') in 0.028733 seconds
  Import took 0.031850 seconds .

========================================================================
Received Import Request.
  Time since last request: 203.926955 seconds.
  path: Assets/Levels/DonutPlains1_DONE.png
  artifactKey: Guid(dcda1f72d099fe54487dae479b338b2f) Importer(815301076,1909f56bfc062723c751e8b465ee728b)
Start importing Assets/Levels/DonutPlains1_DONE.png using Guid(dcda1f72d099fe54487dae479b338b2f) Importer(815301076,1909f56bfc062723c751e8b465ee728b)  -> (artifact id: 'a59aa52df951e5ec2391504dbb47bfac') in 0.023689 seconds
  Import took 0.027091 seconds .

========================================================================
Received Import Request.
  Time since last request: 15.865854 seconds.
  path: Assets/Levels/DonutPlains1_DONE.png
  artifactKey: Guid(dcda1f72d099fe54487dae479b338b2f) Importer(815301076,1909f56bfc062723c751e8b465ee728b)
Start importing Assets/Levels/DonutPlains1_DONE.png using Guid(dcda1f72d099fe54487dae479b338b2f) Importer(815301076,1909f56bfc062723c751e8b465ee728b)  -> (artifact id: 'f71734c95092ed66993bac316e9ead86') in 0.056937 seconds
  Import took 0.059904 seconds .

========================================================================
Received Import Request.
  Time since last request: 99.481503 seconds.
  path: Assets/Levels/DonutPlains1_DONE.png
  artifactKey: Guid(dcda1f72d099fe54487dae479b338b2f) Importer(815301076,1909f56bfc062723c751e8b465ee728b)
Start importing Assets/Levels/DonutPlains1_DONE.png using Guid(dcda1f72d099fe54487dae479b338b2f) Importer(815301076,1909f56bfc062723c751e8b465ee728b)  -> (artifact id: '548dca0f900749e00a618c0addc7e759') in 0.025225 seconds
  Import took 0.028567 seconds .

========================================================================
Received Import Request.
  Time since last request: 110.552053 seconds.
  path: Assets/Levels/DonutPlains1_DONE.png
  artifactKey: Guid(dcda1f72d099fe54487dae479b338b2f) Importer(815301076,1909f56bfc062723c751e8b465ee728b)
Start importing Assets/Levels/DonutPlains1_DONE.png using Guid(dcda1f72d099fe54487dae479b338b2f) Importer(815301076,1909f56bfc062723c751e8b465ee728b)  -> (artifact id: '16bdb67a5605ec8271d93e9c3b5579fd') in 0.044689 seconds
  Import took 0.047980 seconds .

========================================================================
Received Import Request.
  Time since last request: 42.360901 seconds.
  path: Assets/Levels/DonutPlains1_DONE.png
  artifactKey: Guid(dcda1f72d099fe54487dae479b338b2f) Importer(815301076,1909f56bfc062723c751e8b465ee728b)
Start importing Assets/Levels/DonutPlains1_DONE.png using Guid(dcda1f72d099fe54487dae479b338b2f) Importer(815301076,1909f56bfc062723c751e8b465ee728b)  -> (artifact id: 'f6871edd3e23bd177103ac7f69cbf356') in 0.037827 seconds
  Import took 0.041017 seconds .

========================================================================
Received Import Request.
  Time since last request: 4.819459 seconds.
  path: Assets/Levels/DonutPlains1_DONE.png
  artifactKey: Guid(dcda1f72d099fe54487dae479b338b2f) Importer(815301076,1909f56bfc062723c751e8b465ee728b)
Start importing Assets/Levels/DonutPlains1_DONE.png using Guid(dcda1f72d099fe54487dae479b338b2f) Importer(815301076,1909f56bfc062723c751e8b465ee728b)  -> (artifact id: 'd38d9f649531706e8d438b8558e644cb') in 0.033383 seconds
  Import took 0.036666 seconds .

========================================================================
Received Prepare
Registering precompiled user dll's ...
Registered in 0.000846 seconds.
Begin MonoManager ReloadAssembly
Native extension for WindowsStandalone target not found
Native extension for WebGL target not found
Refreshing native plugins compatible for Editor in 0.43 ms, found 1 plugins.
Preloading 0 native plugins for Editor in 0.00 ms.
Invoked RoslynAnalysisRunner static constructor.
RoslynAnalysisRunner will not be running.
RoslynAnalysisRunner has terminated.
Mono: successfully reloaded assembly
- Completed reload, in  0.674 seconds
Platform modules already initialized, skipping
Refreshing native plugins compatible for Editor in 0.42 ms, found 1 plugins.
Preloading 0 native plugins for Editor in 0.00 ms.
Unloading 1803 Unused Serialized files (Serialized files now loaded: 0)
System memory in use before: 88.0 MB.
System memory in use after: 88.0 MB.

Unloading 12 unused Assets to reduce memory usage. Loaded Objects now: 2332.
Total: 2.725100 ms (FindLiveObjects: 0.387400 ms CreateObjectMapping: 0.065000 ms MarkObjects: 2.169300 ms  DeleteObjects: 0.102300 ms)

========================================================================
Received Import Request.
  Time since last request: 125.275686 seconds.
  path: Assets/Sprites/Sprite_Mario.png
  artifactKey: Guid(3f0189df97a934444b8cbbbc04bb88f7) Importer(815301076,1909f56bfc062723c751e8b465ee728b)
Start importing Assets/Sprites/Sprite_Mario.png using Guid(3f0189df97a934444b8cbbbc04bb88f7) Importer(815301076,1909f56bfc062723c751e8b465ee728b)  -> (artifact id: 'a3df90a9364238e64561022d511303f4') in 0.031721 seconds
  Import took 0.034809 seconds .

========================================================================
Received Import Request.
  Time since last request: 269.958511 seconds.
  path: Assets/Sprites/Sprite_Mario.png
  artifactKey: Guid(3f0189df97a934444b8cbbbc04bb88f7) Importer(815301076,1909f56bfc062723c751e8b465ee728b)
Start importing Assets/Sprites/Sprite_Mario.png using Guid(3f0189df97a934444b8cbbbc04bb88f7) Importer(815301076,1909f56bfc062723c751e8b465ee728b)  -> (artifact id: 'abf856bbc113afe400bcce202b2af6c7') in 0.112126 seconds
  Import took 0.115763 seconds .

========================================================================
Received Import Request.
  Time since last request: 30.359817 seconds.
  path: Assets/Sprites/Sprite_Mario.png
  artifactKey: Guid(3f0189df97a934444b8cbbbc04bb88f7) Importer(815301076,1909f56bfc062723c751e8b465ee728b)
Start importing Assets/Sprites/Sprite_Mario.png using Guid(3f0189df97a934444b8cbbbc04bb88f7) Importer(815301076,1909f56bfc062723c751e8b465ee728b)  -> (artifact id: 'd2d724da8f6bc03c676da73e2279f983') in 0.066942 seconds
  Import took 0.070565 seconds .

========================================================================
Received Import Request.
  Time since last request: 19.213347 seconds.
  path: Assets/Sprites/Sprite_Mario.png
  artifactKey: Guid(3f0189df97a934444b8cbbbc04bb88f7) Importer(815301076,1909f56bfc062723c751e8b465ee728b)
Start importing Assets/Sprites/Sprite_Mario.png using Guid(3f0189df97a934444b8cbbbc04bb88f7) Importer(815301076,1909f56bfc062723c751e8b465ee728b)  -> (artifact id: 'b1727326c75b379294e9ce9d1f28b415') in 0.084796 seconds
  Import took 0.088047 seconds .

========================================================================
Received Import Request.
  Time since last request: 259.717254 seconds.
  path: ProjectSettings/TagManager.asset
  artifactKey: Guid(00000000000000003000000000000000) Importer(815301076,1909f56bfc062723c751e8b465ee728b)
Start importing ProjectSettings/TagManager.asset using Guid(00000000000000003000000000000000) Importer(815301076,1909f56bfc062723c751e8b465ee728b)  -> (artifact id: '3125bf62d54dbcdd0ce3e4c540a7aa4e') in 0.008168 seconds
  Import took 0.011994 seconds .

========================================================================
Received Import Request.
  Time since last request: 0.002697 seconds.
  path: ProjectSettings/TagManager.asset
  artifactKey: Guid(00000000000000003000000000000000) Importer(815301076,1909f56bfc062723c751e8b465ee728b)
Start importing ProjectSettings/TagManager.asset using Guid(00000000000000003000000000000000) Importer(815301076,1909f56bfc062723c751e8b465ee728b)  -> (artifact id: '3125bf62d54dbcdd0ce3e4c540a7aa4e') in 0.002570 seconds
  Import took 0.005526 seconds .

========================================================================
Received Prepare
Registering precompiled user dll's ...
Registered in 0.000894 seconds.
Begin MonoManager ReloadAssembly
Native extension for WindowsStandalone target not found
Native extension for WebGL target not found
Refreshing native plugins compatible for Editor in 0.83 ms, found 1 plugins.
Preloading 0 native plugins for Editor in 0.00 ms.
Invoked RoslynAnalysisRunner static constructor.
RoslynAnalysisRunner will not be running.
RoslynAnalysisRunner has terminated.
Mono: successfully reloaded assembly
- Completed reload, in  0.695 seconds
Platform modules already initialized, skipping
Refreshing native plugins compatible for Editor in 0.44 ms, found 1 plugins.
Preloading 0 native plugins for Editor in 0.00 ms.
Unloading 1803 Unused Serialized files (Serialized files now loaded: 0)
System memory in use before: 88.2 MB.
System memory in use after: 88.2 MB.

Unloading 14 unused Assets to reduce memory usage. Loaded Objects now: 2401.
Total: 2.696000 ms (FindLiveObjects: 0.354200 ms CreateObjectMapping: 0.048100 ms MarkObjects: 2.188900 ms  DeleteObjects: 0.103600 ms)

========================================================================
Received Import Request.
  Time since last request: 421.165790 seconds.
  path: Assets/Sprites/Sprite_Mario.png
  artifactKey: Guid(3f0189df97a934444b8cbbbc04bb88f7) Importer(815301076,1909f56bfc062723c751e8b465ee728b)
Start importing Assets/Sprites/Sprite_Mario.png using Guid(3f0189df97a934444b8cbbbc04bb88f7) Importer(815301076,1909f56bfc062723c751e8b465ee728b)  -> (artifact id: '4c69744bd94fe4cd0c0972387387d056') in 0.101874 seconds
  Import took 0.105104 seconds .

========================================================================
Received Import Request.
  Time since last request: 18.725814 seconds.
  path: Assets/Sprites/Sprite_Mario.png
  artifactKey: Guid(3f0189df97a934444b8cbbbc04bb88f7) Importer(815301076,1909f56bfc062723c751e8b465ee728b)
Start importing Assets/Sprites/Sprite_Mario.png using Guid(3f0189df97a934444b8cbbbc04bb88f7) Importer(815301076,1909f56bfc062723c751e8b465ee728b)  -> (artifact id: '4d449b0ec5f464fbfe38ba9ddf56c2f5') in 0.084157 seconds
  Import took 0.087400 seconds .

========================================================================
Received Import Request.
  Time since last request: 111.490449 seconds.
  path: Assets/Sprites/Sprite_Mario.png
  artifactKey: Guid(3f0189df97a934444b8cbbbc04bb88f7) Importer(815301076,1909f56bfc062723c751e8b465ee728b)
Start importing Assets/Sprites/Sprite_Mario.png using Guid(3f0189df97a934444b8cbbbc04bb88f7) Importer(815301076,1909f56bfc062723c751e8b465ee728b)  -> (artifact id: 'a1fe5b1cdbe9f1d23de142f4426f0aaa') in 0.077435 seconds
  Import took 0.080843 seconds .

========================================================================
Received Import Request.
  Time since last request: 8.005293 seconds.
  path: Assets/Sprites/Sprite_Mario.png
  artifactKey: Guid(3f0189df97a934444b8cbbbc04bb88f7) Importer(815301076,1909f56bfc062723c751e8b465ee728b)
Start importing Assets/Sprites/Sprite_Mario.png using Guid(3f0189df97a934444b8cbbbc04bb88f7) Importer(815301076,1909f56bfc062723c751e8b465ee728b)  -> (artifact id: '704b5079e4f3c69e967caf8f3aff1af8') in 0.126665 seconds
  Import took 0.129914 seconds .

========================================================================
Received Prepare
Registering precompiled user dll's ...
Registered in 0.000944 seconds.
Begin MonoManager ReloadAssembly
Native extension for WindowsStandalone target not found
Native extension for WebGL target not found
Refreshing native plugins compatible for Editor in 0.33 ms, found 1 plugins.
Preloading 0 native plugins for Editor in 0.00 ms.
Invoked RoslynAnalysisRunner static constructor.
RoslynAnalysisRunner will not be running.
RoslynAnalysisRunner has terminated.
Mono: successfully reloaded assembly
- Completed reload, in  0.685 seconds
Platform modules already initialized, skipping
Refreshing native plugins compatible for Editor in 0.44 ms, found 1 plugins.
Preloading 0 native plugins for Editor in 0.00 ms.
Unloading 1803 Unused Serialized files (Serialized files now loaded: 0)
System memory in use before: 88.2 MB.
System memory in use after: 88.2 MB.

Unloading 12 unused Assets to reduce memory usage. Loaded Objects now: 2422.
Total: 1.891700 ms (FindLiveObjects: 0.239400 ms CreateObjectMapping: 0.042300 ms MarkObjects: 1.501500 ms  DeleteObjects: 0.107600 ms)

========================================================================
Received Prepare
Registering precompiled user dll's ...
Registered in 0.000858 seconds.
Begin MonoManager ReloadAssembly
Native extension for WindowsStandalone target not found
Native extension for WebGL target not found
Refreshing native plugins compatible for Editor in 0.41 ms, found 1 plugins.
Preloading 0 native plugins for Editor in 0.00 ms.
Invoked RoslynAnalysisRunner static constructor.
RoslynAnalysisRunner will not be running.
RoslynAnalysisRunner has terminated.
Mono: successfully reloaded assembly
- Completed reload, in  0.686 seconds
Platform modules already initialized, skipping
Refreshing native plugins compatible for Editor in 0.46 ms, found 1 plugins.
Preloading 0 native plugins for Editor in 0.00 ms.
Unloading 1803 Unused Serialized files (Serialized files now loaded: 0)
System memory in use before: 88.2 MB.
System memory in use after: 88.2 MB.

Unloading 12 unused Assets to reduce memory usage. Loaded Objects now: 2426.
Total: 1.950500 ms (FindLiveObjects: 0.309400 ms CreateObjectMapping: 0.042100 ms MarkObjects: 1.484500 ms  DeleteObjects: 0.113600 ms)

========================================================================
Received Prepare
Registering precompiled user dll's ...
Registered in 0.000916 seconds.
Begin MonoManager ReloadAssembly
Native extension for WindowsStandalone target not found
Native extension for WebGL target not found
Refreshing native plugins compatible for Editor in 0.34 ms, found 1 plugins.
Preloading 0 native plugins for Editor in 0.00 ms.
Invoked RoslynAnalysisRunner static constructor.
RoslynAnalysisRunner will not be running.
RoslynAnalysisRunner has terminated.
Mono: successfully reloaded assembly
- Completed reload, in  0.686 seconds
Platform modules already initialized, skipping
Refreshing native plugins compatible for Editor in 0.42 ms, found 1 plugins.
Preloading 0 native plugins for Editor in 0.00 ms.
Unloading 1803 Unused Serialized files (Serialized files now loaded: 0)
System memory in use before: 88.3 MB.
System memory in use after: 88.2 MB.

Unloading 12 unused Assets to reduce memory usage. Loaded Objects now: 2430.
Total: 2.087400 ms (FindLiveObjects: 0.334300 ms CreateObjectMapping: 0.043300 ms MarkObjects: 1.601600 ms  DeleteObjects: 0.107100 ms)

========================================================================
Received Prepare
Registering precompiled user dll's ...
Registered in 0.000716 seconds.
Begin MonoManager ReloadAssembly
Native extension for WindowsStandalone target not found
Native extension for WebGL target not found
Refreshing native plugins compatible for Editor in 0.45 ms, found 1 plugins.
Preloading 0 native plugins for Editor in 0.00 ms.
Invoked RoslynAnalysisRunner static constructor.
RoslynAnalysisRunner will not be running.
RoslynAnalysisRunner has terminated.
Mono: successfully reloaded assembly
- Completed reload, in  0.661 seconds
Platform modules already initialized, skipping
Refreshing native plugins compatible for Editor in 0.47 ms, found 1 plugins.
Preloading 0 native plugins for Editor in 0.00 ms.
Unloading 1803 Unused Serialized files (Serialized files now loaded: 0)
System memory in use before: 88.3 MB.
System memory in use after: 88.2 MB.

Unloading 12 unused Assets to reduce memory usage. Loaded Objects now: 2434.
Total: 1.831800 ms (FindLiveObjects: 0.227200 ms CreateObjectMapping: 0.042000 ms MarkObjects: 1.461200 ms  DeleteObjects: 0.100500 ms)

========================================================================
Received Prepare
Registering precompiled user dll's ...
Registered in 0.000903 seconds.
Begin MonoManager ReloadAssembly
Native extension for WindowsStandalone target not found
Native extension for WebGL target not found
Refreshing native plugins compatible for Editor in 0.42 ms, found 1 plugins.
Preloading 0 native plugins for Editor in 0.00 ms.
Invoked RoslynAnalysisRunner static constructor.
RoslynAnalysisRunner will not be running.
RoslynAnalysisRunner has terminated.
Mono: successfully reloaded assembly
- Completed reload, in  0.679 seconds
Platform modules already initialized, skipping
Refreshing native plugins compatible for Editor in 0.41 ms, found 1 plugins.
Preloading 0 native plugins for Editor in 0.00 ms.
Unloading 1803 Unused Serialized files (Serialized files now loaded: 0)
System memory in use before: 88.3 MB.
System memory in use after: 88.3 MB.

Unloading 12 unused Assets to reduce memory usage. Loaded Objects now: 2438.
Total: 3.226000 ms (FindLiveObjects: 0.269800 ms CreateObjectMapping: 0.062600 ms MarkObjects: 2.774200 ms  DeleteObjects: 0.118500 ms)

========================================================================
Received Prepare
Registering precompiled user dll's ...
Registered in 0.038742 seconds.
Begin MonoManager ReloadAssembly
Native extension for WindowsStandalone target not found
Native extension for WebGL target not found
Refreshing native plugins compatible for Editor in 0.46 ms, found 1 plugins.
Preloading 0 native plugins for Editor in 0.00 ms.
Invoked RoslynAnalysisRunner static constructor.
RoslynAnalysisRunner will not be running.
RoslynAnalysisRunner has terminated.
Mono: successfully reloaded assembly
- Completed reload, in  0.742 seconds
Platform modules already initialized, skipping
Refreshing native plugins compatible for Editor in 0.43 ms, found 1 plugins.
Preloading 0 native plugins for Editor in 0.00 ms.
Unloading 1803 Unused Serialized files (Serialized files now loaded: 0)
System memory in use before: 88.3 MB.
System memory in use after: 88.3 MB.

Unloading 12 unused Assets to reduce memory usage. Loaded Objects now: 2442.
Total: 1.961200 ms (FindLiveObjects: 0.256000 ms CreateObjectMapping: 0.042600 ms MarkObjects: 1.519600 ms  DeleteObjects: 0.142000 ms)

========================================================================
Received Prepare
Registering precompiled user dll's ...
Registered in 0.000873 seconds.
Begin MonoManager ReloadAssembly
Native extension for WindowsStandalone target not found
Native extension for WebGL target not found
Refreshing native plugins compatible for Editor in 0.42 ms, found 1 plugins.
Preloading 0 native plugins for Editor in 0.00 ms.
Invoked RoslynAnalysisRunner static constructor.
RoslynAnalysisRunner will not be running.
RoslynAnalysisRunner has terminated.
Mono: successfully reloaded assembly
- Completed reload, in  0.662 seconds
Platform modules already initialized, skipping
Refreshing native plugins compatible for Editor in 0.42 ms, found 1 plugins.
Preloading 0 native plugins for Editor in 0.00 ms.
Unloading 1803 Unused Serialized files (Serialized files now loaded: 0)
System memory in use before: 88.3 MB.
System memory in use after: 88.3 MB.

Unloading 12 unused Assets to reduce memory usage. Loaded Objects now: 2446.
Total: 1.975800 ms (FindLiveObjects: 0.248700 ms CreateObjectMapping: 0.043400 ms MarkObjects: 1.505900 ms  DeleteObjects: 0.176800 ms)

========================================================================
Received Prepare
Registering precompiled user dll's ...
Registered in 0.001023 seconds.
Begin MonoManager ReloadAssembly
Native extension for WindowsStandalone target not found
Native extension for WebGL target not found
Refreshing native plugins compatible for Editor in 0.41 ms, found 1 plugins.
Preloading 0 native plugins for Editor in 0.00 ms.
Invoked RoslynAnalysisRunner static constructor.
RoslynAnalysisRunner will not be running.
RoslynAnalysisRunner has terminated.
Mono: successfully reloaded assembly
- Completed reload, in  0.670 seconds
Platform modules already initialized, skipping
Refreshing native plugins compatible for Editor in 0.43 ms, found 1 plugins.
Preloading 0 native plugins for Editor in 0.00 ms.
Unloading 1803 Unused Serialized files (Serialized files now loaded: 0)
System memory in use before: 88.3 MB.
System memory in use after: 88.3 MB.

Unloading 12 unused Assets to reduce memory usage. Loaded Objects now: 2450.
Total: 1.884900 ms (FindLiveObjects: 0.241500 ms CreateObjectMapping: 0.041000 ms MarkObjects: 1.490500 ms  DeleteObjects: 0.111100 ms)

AssetImportWorkerClient::OnTransportError - code=2 error=End of file
